2026-01-12 12:06:29,563@main.py/__init__ Exchange.BINANCE set leverage resp: {'symbol': 'INITUSDT', 'leverage': 10, 'maxNotionalValue': '62500'}
2026-01-12 12:06:29,563@main.py/__init__ Exchange.KRAKEN set leverage resp: succ
2026-01-12 12:06:29,564@main.py/__init__ Exchange.KRAKEN set leverage resp: succ
2026-01-12 12:06:29,570@main.py/__init__ Exchange.BINANCE set leverage resp: {'symbol': 'BTCUSDT', 'leverage': 10, 'maxNotionalValue': '230000000'}
2026-01-12 12:06:29,576@main.py/__init__ Exchange.BINANCE set leverage resp: {'symbol': 'ETHUSDT', 'leverage': 10, 'maxNotionalValue': '150000000'}
2026-01-12 12:06:29,576@main.py/__init__ Exchange.KRAKEN set leverage resp: succ
2026-01-12 12:06:29,586@main.py/__init__ Exchange.BINANCE set leverage resp: {'symbol': 'BNBUSDT', 'leverage': 10, 'maxNotionalValue': '15000000'}
2026-01-12 12:06:29,586@main.py/__init__ Exchange.KRAKEN set leverage resp: succ
2026-01-12 12:06:29,618@main.py/__init__ Exchange.GATE set leverage resp: {'value': '280.08', 'leverage': '0', 'mode': 'single', 'realised_point': '0', 'contract': 'SOL_USDT', 'entry_price': '124.69', 'mark_price': '140.04', 'history_point': '0', 'realised_pnl': '-0.17874556', 'close_order': None, 'size': 2, 'cross_leverage_limit': '10', 'pending_orders': 0, 'adl_ranking': 1, 'maintenance_rate': '0.05', 'unrealised_pnl': '30.7', 'pnl_pnl': '0', 'pnl_fee': '-0.049876', 'pnl_fund': '-0.12886956', 'user': 17478625, 'leverage_max': '100', 'history_pnl': '-1.02123427', 'risk_limit': '40000000', 'margin': '0', 'last_close_pnl': '-0.44919587', 'liq_price': '78.05', 'update_time': 1768219589, 'update_id': 72, 'initial_margin': '28.21806', 'maintenance_margin': '1.61046', 'trade_long_size': 0, 'trade_short_size': 0, 'open_time': 1767200686, 'risk_limit_table': 'SOL_USDT_202501161438', 'average_maintenance_rate': '0.005', 'voucher_size': '0', 'voucher_margin': '0', 'voucher_id': 0}
2026-01-12 12:06:29,680@main.py/__init__ Exchange.KUCOIN set leverage resp: {'code': '200000', 'data': True}
2026-01-12 12:06:29,698@main.py/__init__ Exchange.GATE set leverage resp: {'value': '0', 'leverage': '0', 'mode': 'single', 'realised_point': '0', 'contract': 'DOGE_USDT', 'entry_price': '0', 'mark_price': '0.13658', 'history_point': '0', 'realised_pnl': '0', 'close_order': None, 'size': 0, 'cross_leverage_limit': '10', 'pending_orders': 0, 'adl_ranking': 6, 'maintenance_rate': '0.05', 'unrealised_pnl': '0', 'pnl_pnl': '0', 'pnl_fee': '0', 'pnl_fund': '0', 'user': 17478625, 'leverage_max': '100', 'history_pnl': '-0.006137904', 'risk_limit': '20000000', 'margin': '0', 'last_close_pnl': '-0.006137904', 'liq_price': '0', 'update_time': 1768219589, 'update_id': 64, 'initial_margin': '0', 'maintenance_margin': '0', 'trade_long_size': 0, 'trade_short_size': 0, 'open_time': 0, 'risk_limit_table': 'DOGE_USDT_202501161441', 'average_maintenance_rate': '0', 'voucher_size': '0', 'voucher_margin': '0', 'voucher_id': 0}
2026-01-12 12:06:29,743@main.py/__init__ Exchange.KUCOIN set leverage resp: {'code': '200000', 'data': True}
2026-01-12 12:06:29,792@main.py/__init__ Exchange.KUCOIN set leverage resp: {'code': '200000', 'data': True}
2026-01-12 12:06:29,811@main.py/__init__ Exchange.GATE set leverage resp: {'value': '0', 'leverage': '0', 'mode': 'single', 'realised_point': '0', 'contract': 'XRP_USDT', 'entry_price': '0', 'mark_price': '2.0492', 'history_point': '0', 'realised_pnl': '0', 'close_order': None, 'size': 0, 'cross_leverage_limit': '10', 'pending_orders': 0, 'adl_ranking': 6, 'maintenance_rate': '0.05', 'unrealised_pnl': '0', 'pnl_pnl': '0', 'pnl_fee': '0', 'pnl_fund': '0', 'user': 17478625, 'leverage_max': '75', 'history_pnl': '0', 'risk_limit': '7000000', 'margin': '0', 'last_close_pnl': '0', 'liq_price': '0', 'update_time': 1768219589, 'update_id': 61, 'initial_margin': '0', 'maintenance_margin': '0', 'trade_long_size': 0, 'trade_short_size': 0, 'open_time': 0, 'risk_limit_table': 'XRP_USDT_202501161436', 'average_maintenance_rate': '0', 'voucher_size': '0', 'voucher_margin': '0', 'voucher_id': 0}
2026-01-12 12:06:29,852@main.py/__init__ Exchange.KUCOIN set leverage resp: {'code': '200000', 'data': True}
2026-01-12 12:06:29,880@main.py/__init__ Exchange.GATE set leverage resp: {'value': '0', 'leverage': '0', 'mode': 'single', 'realised_point': '0', 'contract': 'ZEC_USDT', 'entry_price': '0', 'mark_price': '404.03', 'history_point': '0', 'realised_pnl': '0', 'close_order': None, 'size': 0, 'cross_leverage_limit': '10', 'pending_orders': 0, 'adl_ranking': 6, 'maintenance_rate': '0.08', 'unrealised_pnl': '0', 'pnl_pnl': '0', 'pnl_fee': '0', 'pnl_fund': '0', 'user': 17478625, 'leverage_max': '50', 'history_pnl': '0', 'risk_limit': '70000', 'margin': '0', 'last_close_pnl': '0', 'liq_price': '0', 'update_time': 1768219589, 'update_id': 61, 'initial_margin': '0', 'maintenance_margin': '0', 'trade_long_size': 0, 'trade_short_size': 0, 'open_time': 0, 'risk_limit_table': 'ZEC_USDT_202511071448', 'average_maintenance_rate': '0', 'voucher_size': '0', 'voucher_margin': '0', 'voucher_id': 0}
2026-01-12 12:06:29,887@main.py/__init__ Exchange.BINANCE set_pos_mode: {'code': -4059, 'msg': 'No need to change position side.'}
2026-01-12 12:06:29,928@main.py/__init__ Exchange.BINANCE spot_usdt_bal: {"currency": "USDT", "available": 0.0, "locked": 0.0, "equity": 0.0}
2026-01-12 12:06:30,004@main.py/__init__ Exchange.KUCOIN set_pos_mode: {'code': '200000', 'data': {'positionMode': 0}}
2026-01-12 12:06:30,063@main.py/__init__ Exchange.KUCOIN spot_usdt_bal: {"currency": "USDT", "available": 0.0, "locked": 0.0, "equity": 0.0}
2026-01-12 12:06:30,120@main.py/__init__ Exchange.GATE set_pos_mode: None
2026-01-12 12:06:30,155@main.py/__init__ Exchange.GATE spot_usdt_bal: {"currency": "USDT", "available": 1812.000000003232, "locked": 0.0, "equity": 1812.000000003232}
2026-01-12 12:06:30,227@main.py/__init__ Exchange.GATE transfer from spot to future succ, msg: {'tx_id': 2001219879256, 'status': None}
2026-01-12 12:06:30,227@main.py/__init__ Exchange.KRAKEN set_pos_mode: succ
2026-01-12 12:06:30,529@main.py/__init__ Exchange.KRAKEN spot_usdt_bal: {"currency": "USDT", "available": 2.5e-07, "locked": 0.0, "equity": 2.5e-07}
2026-01-12 12:06:30,934@main.py/run Exchange.BINANCE future_bal: {"currency": "USDT", "available": 148.94626712, "locked": 0.0, "equity": 151.61661986}
2026-01-12 12:06:30,948@main.py/run Exchange.BINANCE future_pos:
Position(INITUSDT, size=-300.0, entry=0.0917), leverage=10.0, now_price=0.08405972
2026-01-12 12:06:30,948@main.py/run Exchange.BINANCE exch_im: 2050.0
2026-01-12 12:06:30,985@main.py/run Exchange.KUCOIN future_bal: {"currency": "USDT", "available": 22.5357209, "locked": 28.0182, "equity": 50.5539209}
2026-01-12 12:06:31,013@main.py/run Exchange.KUCOIN future_pos:
Position(SOLUSDTM, size=-2.0, entry=124.896), leverage=10.0, now_price=140.091
2026-01-12 12:06:31,013@main.py/run Exchange.KUCOIN exch_im: 50.0
2026-01-12 12:06:31,026@main.py/run Exchange.GATE future_bal: {"currency": "USDT", "available": 1908.66653474151, "locked": 0.0, "equity": 1936.89459474151}
2026-01-12 12:06:31,043@main.py/run Exchange.GATE future_pos:
Position(SOL_USDT, size=2.0, entry=124.69), leverage=10.0, now_price=140.04
2026-01-12 12:06:31,043@main.py/run Exchange.GATE exch_im: 50.0
2026-01-12 12:06:31,322@main.py/run Exchange.KRAKEN future_bal: {"currency": "USDT", "available": 3694.8796116269014, "locked": 0.0, "equity": 3696.2610366269014}
2026-01-12 12:06:31,837@main.py/run Exchange.KRAKEN future_pos:
Position(PF_INITUSD, size=300.0, entry=0.092095), leverage=10.0, now_price=0.084
2026-01-12 12:06:31,837@main.py/run Exchange.KRAKEN exch_im: 2050.0
2026-01-12 12:06:31,837@main.py/run need_transfer:{<Exchange.BINANCE: 'binance'>: {'status': <NeedTransfer.NEW: 'new'>, 'amt': 4973}}, can_transfer:{<Exchange.GATE: 'gate'>: 1812}
2026-01-12 12:06:31,944@main.py/run Exchange.GATE transfer from future to spot succ, msg: {'tx_id': 2001232167122, 'status': None}
2026-01-12 12:06:32,978@main.py/transfer_chain transfer_chain request: USDT, from_exch: Exchange.GATE, to_exch:Exchange.BINANCE, amount:1812.000000003232, withdraw_clt_id:None
2026-01-12 12:06:33,247@main.py/transfer_chain transfer_chain response(('Bn_Trc20', 'TQeuBCiEr86yZrW86wkgvYiHtYoibKD4Y8')): {"currency": "USDT", "tx_id": "0", "withdraw_clt_id": "gate_withdrawals_1768219592978", "status": "FAIL", "amount": 1812, "address": "TQeuBCiEr86yZrW86wkgvYiHtYoibKD4Y8", "chain": "trc20", "to_exch": "binance", "msg": {"label": "INVALID_PARAM_VALUE", "message": "Error: please try again after 24 hours."}}
2026-01-12 12:06:33,293@main.py/run Exchange.KUCOIN spot_bal: {"currency": "USDT", "available": 0.0, "locked": 0.0, "equity": 0.0}
2026-01-12 12:06:33,293@main.py/run Exchange.GATE transfer to Exchange.BINANCE Status.FAIL, chain:Chain.TRC20
2026-01-12 12:06:33,293@main.py/transfer_chain transfer_chain request: USDT, from_exch: Exchange.GATE, to_exch:Exchange.BINANCE, amount:1812, withdraw_clt_id:gate_withdrawals_1768219592978
2026-01-12 12:06:33,424@main.py/transfer_chain transfer_chain response(TQeuBCiEr86yZrW86wkgvYiHtYoibKD4Y8): {"currency": "USDT", "tx_id": "0", "withdraw_clt_id": "gate_withdrawals_1768219593293", "status": "FAIL", "amount": 1812, "address": "TQeuBCiEr86yZrW86wkgvYiHtYoibKD4Y8", "chain": "trc20", "to_exch": "binance", "msg": {"label": "TOO_FAST", "message": "Withdrawal frequency is limited to 10s54.248.241.245"}}
2026-01-12 12:06:33,755@main.py/run Exchange.KRAKEN spot_bal: {"currency": "USDT", "available": 2.5e-07, "locked": 0.0, "equity": 2.5e-07}
